bool bbb;
struct S{
    int a;
};

struct S t;
void f(int p1, bool p2) {
}

void main() {
    int aaa;
    aaa(int) = (f(int,bool->void) + f(int,bool->void));
    bbb(bool) = (f(int,bool->void) == 3);
    bbb(bool) = (f(int,bool->void) > main(->void));
    bbb(bool) = (f(int,bool->void) == f(int,bool->void));
    aaa(int)();
    f(int,bool->void)();
    f(int,bool->void)(5);
    f(int,bool->void)(aaa(int), aaa(int));
    f(int,bool->void)(t(S), t(S).a(int));
    S(struct)();
    t(S) = 5;
    t(S) = t(S);
    cin >> S(struct);
    t(S) = (true || 3);
    bbb(bool) = (S(struct) && t(S).a(int));
    return 10;
    aaa(int) = (aaa(int) + (!false));
    aaa(int) = (aaa(int) + "foo");
    bbb(bool) = aaa(int);
    bbb(bool) = ((aaa(int) + true) && (bbb(bool) < true));
}

